Fri, 11 Oct 2024 15:45:38 -      -----======<<<<  STARTING UP  >>>>======-----
Fri, 11 Oct 2024 15:45:38 -  
Fri, 11 Oct 2024 15:45:38 - vvvvvvvvvv  Main program logic  vvvvvvvvvvvvvvv
Fri, 11 Oct 2024 15:45:38 - getSong returning currsong={'file': 'Albums/Mary j Blige/The Breakthrough/10- Envy Me.m4a', 'last-modified': '2007-07-20T20:20:38Z', 'format': '44100:f:2', 'artist': 'Mary J Blige', 'album': 'The Breakthrough', 'title': 'Envy Me', 'track': '10', 'genre': 'Blues', 'time': '205', 'duration': '205.172', 'pos': '10', 'id': '16337'}, pstate=stop
Fri, 11 Oct 2024 15:45:38 -  
Fri, 11 Oct 2024 15:45:38 - -----=====<<<<< Firstrun: 0. pause   Passing control to TKinter >>>>>=====-----
Fri, 11 Oct 2024 15:45:46 - getSong returning currsong={'file': 'Albums/Mary j Blige/The Breakthrough/10- Envy Me.m4a', 'last-modified': '2007-07-20T20:20:38Z', 'format': '44100:f:2', 'artist': 'Mary J Blige', 'album': 'The Breakthrough', 'title': 'Envy Me', 'track': '10', 'genre': 'Blues', 'time': '205', 'duration': '205.172', 'pos': '10', 'id': '16337'}, pstate=play
Fri, 11 Oct 2024 15:45:58 - remove() called - add code later !
Fri, 11 Oct 2024 15:45:58 - remove() lastpl=albums, currsong={'file': 'Albums/Mary j Blige/The Breakthrough/10- Envy Me.m4a', 'last-modified': '2007-07-20T20:20:38Z', 'format': '44100:f:2', 'artist': 'Mary J Blige', 'album': 'The Breakthrough', 'title': 'Envy Me', 'track': '10', 'genre': 'Blues', 'time': '205', 'duration': '205.172', 'pos': '10', 'id': '16337'}, currstat={'volume': '30', 'repeat': '0', 'random': '0', 'single': '0', 'consume': '0', 'partition': 'default', 'playlist': '294', 'playlistlength': '14070', 'mixrampdb': '0', 'state': 'play', 'song': '10', 'songid': '16337', 'time': '13:205', 'elapsed': '12.733', 'bitrate': '125', 'duration': '205.172', 'audio': '44100:f:2', 'nextsong': '11', 'nextsongid': '16338'}.
Fri, 11 Oct 2024 15:49:36 -        countdown returning    pstate=play, elap=204.0, msg=205.172
Fri, 11 Oct 2024 15:49:36 - getSong returning currsong={'file': 'Albums/Dixie Chicks/2010- The Essential Dixie Chicks/1-15- Top Of The World.mp3', 'last-modified': '2021-01-14T04:53:59Z', 'format': '44100:24:2', 'artist': 'Dixie Chicks', 'albumartist': 'Dixie Chicks', 'title': 'Top Of The World', 'album': '2010- The Essential Dixie Chicks', 'track': '15', 'date': '2010', 'genre': 'Country', 'disc': '1', 'time': '361', 'duration': '361.221', 'pos': '11', 'id': '16338'}, pstate=play
Fri, 11 Oct 2024 15:55:13 -        countdown returning    pstate=play, elap=361.101, msg=361.221
Fri, 11 Oct 2024 15:55:13 - getSong returning currsong={'file': 'Albums/Beatles, The/1969- Abbey Road/15 Carry That Weight.mp3', 'last-modified': '2021-01-18T01:17:23Z', 'format': '44100:24:2', 'artist': 'Beatles, The', 'albumartist': 'Beatles, The', 'artistsort': 'Beatles', 'albumsort': '12', 'title': 'Carry That Weight', 'album': 'Abbey Road', 'track': '15', 'date': '1969', 'genre': 'Rock', 'composer': 'John Lennon/paul Mccartney', 'label': 'Capitol', 'time': '97', 'duration': '96.782', 'pos': '12', 'id': '16339'}, pstate=play
Fri, 11 Oct 2024 15:56:49 -        countdown returning    pstate=play, elap=95.39699999999999, msg=96.782
Fri, 11 Oct 2024 15:56:49 - getSong returning currsong={'file': 'Albums/Greatest Hits Of The Millennium_ 90s/2-07- C & C Music Factory - Gonna Make You Sweat.mp3', 'last-modified': '2012-04-28T05:44:30Z', 'format': '44100:24:2', 'artist': 'C & C Music Factory', 'albumartist': 'C & C Music Factory', 'title': 'Gonna Make You Sweat', 'album': 'Greatest Hits Of The Millennium: 90s', 'track': '7', 'date': '1999', 'genre': 'Pop', 'composer': 'Freedom Williams/Robert Clivillés', 'disc': '2', 'label': 'Columbia', 'time': '245', 'duration': '245.080', 'pos': '13', 'id': '16340'}, pstate=play
Fri, 11 Oct 2024 16:00:55 -        countdown returning    pstate=play, elap=244.4, msg=245.08
Fri, 11 Oct 2024 16:00:55 - getSong returning currsong={'file': "Albums/Beatles, The/1967- Sgt. Pepper's Lonely Hearts Club Band/07 Being For The Benefit Of Mr. Kite!.mp3", 'last-modified': '2021-01-18T01:16:22Z', 'format': '44100:24:2', 'artist': 'Beatles, The', 'albumartist': 'Beatles, The', 'artistsort': 'Beatles', 'albumsort': '08', 'title': 'Being For The Benefit Of Mr. Kite!', 'album': "Sgt. Pepper's Lonely Hearts Club Band", 'track': '7', 'date': '1967', 'genre': 'Rock', 'composer': 'John Lennon/paul Mccartney', 'label': 'Toshiba Emi', 'time': '157', 'duration': '156.968', 'pos': '15', 'id': '16342'}, pstate=play
Fri, 11 Oct 2024 16:03:32 -        countdown returning    pstate=play, elap=156.0, msg=156.968
Fri, 11 Oct 2024 16:03:32 - getSong returning currsong={'file': 'Albums/Midnight Oil/01_Scream_In_Blue.mp3', 'last-modified': '2012-03-08T10:37:08Z', 'format': '44100:24:2', 'artist': 'Midnight Oil', 'albumartist': 'Midnight Oil', 'title': 'Scream In Blue', 'album': 'Scream In Blue Live', 'track': '1', 'date': '1992', 'genre': 'Rock', 'composer': 'Jim Moginie/Martin Rotsey/Peter Garrett', 'label': 'Columbia', 'time': '175', 'duration': '175.446', 'pos': '16', 'id': '16343'}, pstate=play
Fri, 11 Oct 2024 16:06:27 -        countdown returning    pstate=play, elap=174.36599999999999, msg=175.446
Fri, 11 Oct 2024 16:06:27 - getSong returning currsong={'file': 'Albums/Ella Fitzgerald/1993 - The Complete Song Books - Gershwin/12-20- Cheerful Little Earful.mp3', 'last-modified': '2010-10-28T02:16:34Z', 'format': '44100:24:2', 'artist': 'Ella Fitzgerald', 'albumartist': 'Ella Fitzgerald', 'title': 'Cheerful Little Earful', 'album': 'The Complete Song Books - Gershwin', 'track': '20', 'date': '1993', 'genre': 'Jazz', 'composer': 'Billy Rose/Harry Warren/Ira Gershwin', 'disc': '12', 'label': 'Universal Distribution', 'time': '129', 'duration': '129.358', 'pos': '17', 'id': '16344'}, pstate=play
Fri, 11 Oct 2024 16:08:37 -        countdown returning    pstate=play, elap=128.16, msg=129.358
Fri, 11 Oct 2024 16:08:37 - getSong returning currsong={'file': 'Albums/Greatest Hits Of The Millennium_ 70s/5-08- Kamahl - The Elephant Song.mp3', 'last-modified': '2011-02-13T21:20:28Z', 'format': '44100:24:2', 'artist': 'Kamahl', 'title': 'The Elephant Song', 'album': 'Greatest Hits Of The Millennium: 70s', 'track': '8', 'date': '1999', 'genre': 'Pop', 'disc': '5', 'time': '210', 'duration': '209.815', 'pos': '18', 'id': '16345'}, pstate=play
